<?xml version="1.0" encoding="UTF-8"?>
<testsuite name="ru.nsu.ermakov.GameTest" tests="13" skipped="0" failures="0" errors="0" timestamp="2025-09-18T09:58:52" hostname="MSI" time="0.081">
  <properties/>
  <testcase name="testShowHandWithHidden()" classname="ru.nsu.ermakov.GameTest" time="0.049"/>
  <testcase name="testAceCardValue()" classname="ru.nsu.ermakov.GameTest" time="0.003"/>
  <testcase name="testFaceCardValue()" classname="ru.nsu.ermakov.GameTest" time="0.001"/>
  <testcase name="testAddAndClearHand()" classname="ru.nsu.ermakov.GameTest" time="0.002"/>
  <testcase name="testCardToString()" classname="ru.nsu.ermakov.GameTest" time="0.006"/>
  <testcase name="testDeckSizeMultiple()" classname="ru.nsu.ermakov.GameTest" time="0.004"/>
  <testcase name="testScoreWithAceAs1()" classname="ru.nsu.ermakov.GameTest" time="0.001"/>
  <testcase name="testDeckSizeSingle()" classname="ru.nsu.ermakov.GameTest" time="0.001"/>
  <testcase name="testNumberCardValue()" classname="ru.nsu.ermakov.GameTest" time="0.001"/>
  <testcase name="testMultipleAces()" classname="ru.nsu.ermakov.GameTest" time="0.001"/>
  <testcase name="testScoreWithAceAs11()" classname="ru.nsu.ermakov.GameTest" time="0.0"/>
  <testcase name="testShuffle()" classname="ru.nsu.ermakov.GameTest" time="0.0"/>
  <testcase name="testShowHandWithoutHidden()" classname="ru.nsu.ermakov.GameTest" time="0.001"/>
  <system-out><![CDATA[]]></system-out>
  <system-err><![CDATA[]]></system-err>
</testsuite>
